#-----------------------------------------------------------
# PlanAhead v14.5
# Build 247527 by xbuild on Mon Mar 25 17:15:20 MDT 2013
# Start of session at: Mon Oct 27 10:03:09 2014
# Process ID: 2848
# Log file: F:/Sistemas Digitales/Structural_Clock/planAhead_run_1/planAhead.log
# Journal file: F:/Sistemas Digitales/Structural_Clock/planAhead_run_1/planAhead.jou
#-----------------------------------------------------------
INFO: [Common 17-78] Attempting to get a license: PlanAhead
INFO: [Common 17-290] Got license for PlanAhead
INFO: [Common 17-86] Your PlanAhead license expires in -118 day(s)
INFO: [Device 21-36] Loading parts and site information from C:/Xilinx/14.5/ISE_DS/PlanAhead/data/parts/arch.xml
Parsing RTL primitives file [C:/Xilinx/14.5/ISE_DS/PlanAhead/data/parts/xilinx/rtl/prims/rtl_prims.xml]
Finished parsing RTL primitives file [C:/Xilinx/14.5/ISE_DS/PlanAhead/data/parts/xilinx/rtl/prims/rtl_prims.xml]
start_gui
source {F:/Sistemas Digitales/Structural_Clock/pa.fromNetlist.tcl}
# create_project -name Structural_Clock -dir "F:/Sistemas Digitales/Structural_Clock/planAhead_run_1" -part xc6slx16csg225-2
# set_property design_mode GateLvl [get_property srcset [current_run -impl]]
# set_property edif_top_file "F:/Sistemas Digitales/Structural_Clock/Clock.ngc" [ get_property srcset [ current_run ] ]
# add_files -norecurse { {F:/Sistemas Digitales/Structural_Clock} }
# set_param project.pinAheadLayout  yes
# set_property target_constrs_file "Clock.ucf" [current_fileset -constrset]
Adding file 'F:/Sistemas Digitales/Structural_Clock/Clock.ucf' to fileset 'constrs_1'
# add_files [list {Clock.ucf}] -fileset [get_property constrset [current_run]]
# link_design
Design is defaulting to srcset: sources_1
Design is defaulting to constrset: constrs_1
Design is defaulting to project part: xc6slx16csg225-2
Release 14.5 - ngc2edif P.58f (nt)
Copyright (c) 1995-2012 Xilinx, Inc.  All rights reserved.

Release 14.5 - ngc2edif P.58f (nt)
Copyright (c) 1995-2012 Xilinx, Inc.  All rights reserved.
Reading design Clock.ngc ...
WARNING:NetListWriters:298 - No output is written to Clock.xncf, ignored.
Processing design ...
   Preping design's networks ...
   Preping design's macros ...
  finished :Prep
Writing EDIF netlist file Clock.edif ...
ngc2edif: Total memory usage is 65152 kilobytes

Parsing EDIF File [./planAhead_run_1/Structural_Clock.data/cache/Clock_ngc_zx.edif]
Finished Parsing EDIF File [./planAhead_run_1/Structural_Clock.data/cache/Clock_ngc_zx.edif]
Loading clock regions from C:/Xilinx/14.5/ISE_DS/PlanAhead/data\parts/xilinx/spartan6/spartan6lx/xc6slx16/ClockRegion.xml
Loading clock buffers from C:/Xilinx/14.5/ISE_DS/PlanAhead/data\parts/xilinx/spartan6/spartan6lx/xc6slx16/ClockBuffers.xml
Loading package pin functions from C:/Xilinx/14.5/ISE_DS/PlanAhead/data\parts/xilinx/spartan6/PinFunctions.xml...
Loading package from C:/Xilinx/14.5/ISE_DS/PlanAhead/data\parts/xilinx/spartan6/spartan6lx/xc6slx16/csg225/Package.xml
Loading io standards from C:/Xilinx/14.5/ISE_DS/PlanAhead/data\./parts/xilinx/spartan6/IOStandards.xml
Loading device configuration modes from C:/Xilinx/14.5/ISE_DS/PlanAhead/data\parts/xilinx/spartan6/ConfigModes.xml
Loading list of drcs for the architecture : C:/Xilinx/14.5/ISE_DS/PlanAhead/data\./parts/xilinx/spartan6/drc.xml
Parsing UCF File [F:/Sistemas Digitales/Structural_Clock/Clock.ucf]
Finished Parsing UCF File [F:/Sistemas Digitales/Structural_Clock/Clock.ucf]
INFO: [Project 1-111] Unisim Transformation Summary:
No Unisim elements were transformed.

Phase 0 | Netlist Checksum: e43e0432
link_design: Time (s): elapsed = 00:00:25 . Memory (MB): peak = 464.441 ; gain = 92.051
exit
ERROR: [PlanAhead 12-106] *** Exception: ui.h.b: Found deleted key in HTclEventBroker. Verify if the classes listed here call cleanup()
HTclEvent: SIGNAL_MODIFY   Classes: ui.views.aR 
HTclEvent: DEBUG_PORT_CONFIG_CHANGE   Classes: ui.views.aR 
HTclEvent: SIGNAL_BUS_MODIFY   Classes: ui.views.aR 
HTclEvent: DEBUG_CORE_CONFIG_CHANGE   Classes: ui.views.aR 
 (See F:/Sistemas Digitales/Structural_Clock\planAhead_pid2848.debug)
ERROR: [Common 17-39] 'stop_gui' failed due to earlier errors.
INFO: [Common 17-206] Exiting PlanAhead at Mon Oct 27 10:06:19 2014...
INFO: [Common 17-83] Releasing license: PlanAhead
