Release 14.5 - ngc2edif P.58f (nt)
Copyright (c) 1995-2012 Xilinx, Inc.  All rights reserved.
Reading design Clock.ngc ...
WARNING:NetListWriters:298 - No output is written to Clock.xncf, ignored.
Processing design ...
   Preping design's networks ...
   Preping design's macros ...
  finished :Prep
Writing EDIF netlist file Clock.edif ...
ngc2edif: Total memory usage is 65152 kilobytes

Release 14.5 - ngc2edif P.58f (nt)
Copyright (c) 1995-2012 Xilinx, Inc.  All rights reserved.
Reading design Clock.ngc ...
WARNING:NetListWriters:298 - No output is written to Clock.xncf, ignored.
Processing design ...
   Preping design's networks ...
   Preping design's macros ...
  finished :Prep
Writing EDIF netlist file Clock.edif ...
ngc2edif: Total memory usage is 63056 kilobytes

Release 14.5 - ngc2edif P.58f (nt)
Copyright (c) 1995-2012 Xilinx, Inc.  All rights reserved.
Reading design Clock.ngc ...
WARNING:NetListWriters:298 - No output is written to Clock.xncf, ignored.
Processing design ...
   Preping design's networks ...
   Preping design's macros ...
  finished :Prep
Writing EDIF netlist file Clock.edif ...
ngc2edif: Total memory usage is 65152 kilobytes

Release 14.5 - ngc2edif P.58f (nt)
Copyright (c) 1995-2012 Xilinx, Inc.  All rights reserved.
Reading design Clock.ngc ...
WARNING:NetListWriters:298 - No output is written to Clock.xncf, ignored.
Processing design ...
   Preping design's networks ...
   Preping design's macros ...
  finished :Prep
Writing EDIF netlist file Clock.edif ...
ngc2edif: Total memory usage is 63312 kilobytes

