--------------------------------------------------------------------------------
Release 14.6 Trace  (nt64)
Copyright (c) 1995-2013 Xilinx, Inc.  All rights reserved.

C:\Xilinx\14.6\ISE_DS\ISE\bin\nt64\unwrapped\trce.exe -intstyle ise -v 3 -s 3
-n 3 -fastpaths -xml Ultrasonico.twx Ultrasonico.ncd -o Ultrasonico.twr
Ultrasonico.pcf

Design file:              Ultrasonico.ncd
Physical constraint file: Ultrasonico.pcf
Device,package,speed:     xc6slx16,csg324,C,-3 (PRODUCTION 1.23 2013-06-08)
Report level:             verbose report

Environment Variable      Effect 
--------------------      ------ 
NONE                      No environment variables were set
--------------------------------------------------------------------------------

INFO:Timing:2698 - No timing constraints found, doing default enumeration.
INFO:Timing:3412 - To improve timing, see the Timing Closure User Guide (UG612).
INFO:Timing:2752 - To get complete path coverage, use the unconstrained paths 
   option. All paths that are not constrained will be reported in the 
   unconstrained paths section(s) of the report.
INFO:Timing:3339 - The clock-to-out numbers in this timing report are based on 
   a 50 Ohm transmission line loading model.  For the details of this model, 
   and for more information on accounting for different loading conditions, 
   please see the device datasheet.



Data Sheet report:
-----------------
All values displayed in nanoseconds (ns)

Setup/Hold to clock Clk1
------------+------------+------------+------------+------------+------------------+--------+
            |Max Setup to|  Process   |Max Hold to |  Process   |                  | Clock  |
Source      | clk (edge) |   Corner   | clk (edge) |   Corner   |Internal Clock(s) | Phase  |
------------+------------+------------+------------+------------+------------------+--------+
Rst         |    1.223(R)|      SLOW  |    0.236(R)|      SLOW  |Clk1_BUFGP        |   0.000|
------------+------------+------------+------------+------------+------------------+--------+

Clock Clk1 to Pad
------------+-----------------+------------+-----------------+------------+------------------+--------+
            |Max (slowest) clk|  Process   |Min (fastest) clk|  Process   |                  | Clock  |
Destination |  (edge) to PAD  |   Corner   |  (edge) to PAD  |   Corner   |Internal Clock(s) | Phase  |
------------+-----------------+------------+-----------------+------------+------------------+--------+
Led<1>      |        11.039(R)|      SLOW  |         5.265(R)|      FAST  |Clk1_BUFGP        |   0.000|
Led<2>      |        11.923(R)|      SLOW  |         5.179(R)|      FAST  |Clk1_BUFGP        |   0.000|
Led<3>      |        11.870(R)|      SLOW  |         5.225(R)|      FAST  |Clk1_BUFGP        |   0.000|
Led<4>      |        11.344(R)|      SLOW  |         5.033(R)|      FAST  |Clk1_BUFGP        |   0.000|
Led<5>      |        12.533(R)|      SLOW  |         4.823(R)|      FAST  |Clk1_BUFGP        |   0.000|
Led<6>      |        11.076(R)|      SLOW  |         4.908(R)|      FAST  |Clk1_BUFGP        |   0.000|
Led<7>      |        11.271(R)|      SLOW  |         4.855(R)|      FAST  |Clk1_BUFGP        |   0.000|
Sensor      |         9.347(R)|      SLOW  |         5.334(R)|      FAST  |Clk1_BUFGP        |   0.000|
Sound       |         7.751(R)|      SLOW  |         4.341(R)|      FAST  |Clk1_BUFGP        |   0.000|
------------+-----------------+------------+-----------------+------------+------------------+--------+

Clock to Setup on destination clock Clk1
---------------+---------+---------+---------+---------+
               | Src:Rise| Src:Fall| Src:Rise| Src:Fall|
Source Clock   |Dest:Rise|Dest:Rise|Dest:Fall|Dest:Fall|
---------------+---------+---------+---------+---------+
Clk1           |    4.444|         |         |         |
---------------+---------+---------+---------+---------+


Analysis completed Wed Nov 27 13:10:54 2013 
--------------------------------------------------------------------------------

Trace Settings:
-------------------------
Trace Settings 

Peak Memory Usage: 241 MB



